Starting import test at 2026-02-06T05:02:53.404Z
1. Testing express...
   ✓ express loaded
2. Testing cors...
   ✓ cors loaded
3. Testing dotenv...
   ✓ dotenv loaded
   MONGODB_URI: SET
4. Testing mongoose...
   ✓ mongoose loaded
5. Testing db.js...
   ✓ db.js loaded
6. Testing errorHandler.js...
   ✓ errorHandler.js loaded
7. Testing User.js...
   ✓ User.js loaded
8. Testing authController.js...
   ✓ authController.js loaded
9. Testing authRoutes.js...
   ✓ authRoutes.js loaded
10. Testing contestController.js...
   ✓ contestController.js loaded

✓ ALL IMPORTS SUCCESSFUL!
